[2019-07-22 06:53:16] production.ERROR: RuntimeException: The only supported ciphers are AES-128-CBC and AES-256-CBC with the correct key lengths. in D:\home\site\wwwroot\vendor\laravel\framework\src\Illuminate\Encryption\Encrypter.php:43
Stack trace:
#0 D:\home\site\wwwroot\vendor\laravel\framework\src\Illuminate\Encryption\EncryptionServiceProvider.php(27): Illuminate\Encryption\Encrypter->__construct('', 'AES-256-CBC')
#1 D:\home\site\wwwroot\vendor\laravel\framework\src\Illuminate\Container\Container.php(716): Illuminate\Encryption\EncryptionServiceProvider->Illuminate\Encryption\{closure}(Object(Illuminate\Foundation\Application), Array)
#2 D:\home\site\wwwroot\vendor\laravel\framework\src\Illuminate\Container\Container.php(598): Illuminate\Container\Container->build(Object(Closure))
#3 D:\home\site\wwwroot\vendor\laravel\framework\src\Illuminate\Container\Container.php(567): Illuminate\Container\Container->resolve('encrypter')
#4 D:\home\site\wwwroot\vendor\laravel\framework\src\Illuminate\Foundation\Application.php(708): Illuminate\Container\Container->make('encrypter')
#5 D:\home\site\wwwroot\vendor\laravel\framework\src\Illuminate\Container\Container.php(840): Illuminate\Foundation\Application->make('encrypter')
#6 D:\home\site\wwwroot\vendor\laravel\framework\src\Illuminate\Container\Container.php(780): Illuminate\Container\Container->resolveClass(Object(ReflectionParameter))
#7 D:\home\site\wwwroot\vendor\laravel\framework\src\Illuminate\Container\Container.php(747): Illuminate\Container\Container->resolveDependencies(Array)
#8 D:\home\site\wwwroot\vendor\laravel\framework\src\Illuminate\Container\Container.php(598): Illuminate\Container\Container->build('App\\Http\\Middle...')
#9 D:\home\site\wwwroot\vendor\laravel\framework\src\Illuminate\Container\Container.php(567): Illuminate\Container\Container->resolve('App\\Http\\Middle...')
#10 D:\home\site\wwwroot\vendor\laravel\framework\src\Illuminate\Foundation\Application.php(708): Illuminate\Container\Container->make('App\\Http\\Middle...')
#11 D:\home\site\wwwroot\vendor\laravel\framework\src\Illuminate\Pipeline\Pipeline.php(138): Illuminate\Foundation\Application->make('App\\Http\\Middle...')
#12 D:\home\site\wwwroot\vendor\laravel\framework\src\Illuminate\Routing\Pipeline.php(53): Illuminate\Pipeline\Pipeline->Illuminate\Pipeline\{closure}(Object(Illuminate\Http\Request))
#13 D:\home\site\wwwroot\vendor\laravel\framework\src\Illuminate\Pipeline\Pipeline.php(102): Illuminate\Routing\Pipeline->Illuminate\Routing\{closure}(Object(Illuminate\Http\Request))
#14 D:\home\site\wwwroot\vendor\laravel\framework\src\Illuminate\Routing\Router.php(561): Illuminate\Pipeline\Pipeline->then(Object(Closure))
#15 D:\home\site\wwwroot\vendor\laravel\framework\src\Illuminate\Routing\Router.php(520): Illuminate\Routing\Router->runRouteWithinStack(Object(Illuminate\Routing\Route), Object(Illuminate\Http\Request))
#16 D:\home\site\wwwroot\vendor\laravel\framework\src\Illuminate\Routing\Router.php(498): Illuminate\Routing\Router->dispatchToRoute(Object(Illuminate\Http\Request))
#17 D:\home\site\wwwroot\vendor\laravel\framework\src\Illuminate\Foundation\Http\Kernel.php(174): Illuminate\Routing\Router->dispatch(Object(Illuminate\Http\Request))
#18 D:\home\site\wwwroot\vendor\laravel\framework\src\Illuminate\Routing\Pipeline.php(30): Illuminate\Foundation\Http\Kernel->Illuminate\Foundation\Http\{closure}(Object(Illuminate\Http\Request))
#19 D:\home\site\wwwroot\vendor\laravel\framework\src\Illuminate\Foundation\Http\Middleware\TransformsRequest.php(30): Illuminate\Routing\Pipeline->Illuminate\Routing\{closure}(Object(Illuminate\Http\Request))
#20 D:\home\site\wwwroot\vendor\laravel\framework\src\Illuminate\Pipeline\Pipeline.php(148): Illuminate\Foundation\Http\Middleware\TransformsRequest->handle(Object(Illuminate\Http\Request), Object(Closure))
#21 D:\home\site\wwwroot\vendor\laravel\framework\src\Illuminate\Routing\Pipeline.php(53): Illuminate\Pipeline\Pipeline->Illuminate\Pipeline\{closure}(Object(Illuminate\Http\Request))
#22 D:\home\site\wwwroot\vendor\laravel\framework\src\Illuminate\Foundation\Http\Middleware\TransformsRequest.php(30): Illuminate\Routing\Pipeline->Illuminate\Routing\{closure}(Object(Illuminate\Http\Request))
#23 D:\home\site\wwwroot\vendor\laravel\framework\src\Illuminate\Pipeline\Pipeline.php(148): Illuminate\Foundation\Http\Middleware\TransformsRequest->handle(Object(Illuminate\Http\Request), Object(Closure))
#24 D:\home\site\wwwroot\vendor\laravel\framework\src\Illuminate\Routing\Pipeline.php(53): Illuminate\Pipeline\Pipeline->Illuminate\Pipeline\{closure}(Object(Illuminate\Http\Request))
#25 D:\home\site\wwwroot\vendor\laravel\framework\src\Illuminate\Foundation\Http\Middleware\ValidatePostSize.php(27): Illuminate\Routing\Pipeline->Illuminate\Routing\{closure}(Object(Illuminate\Http\Request))
#26 D:\home\site\wwwroot\vendor\laravel\framework\src\Illuminate\Pipeline\Pipeline.php(148): Illuminate\Foundation\Http\Middleware\ValidatePostSize->handle(Object(Illuminate\Http\Request), Object(Closure))
#27 D:\home\site\wwwroot\vendor\laravel\framework\src\Illuminate\Routing\Pipeline.php(53): Illuminate\Pipeline\Pipeline->Illuminate\Pipeline\{closure}(Object(Illuminate\Http\Request))
#28 D:\home\site\wwwroot\vendor\laravel\framework\src\Illuminate\Foundation\Http\Middleware\CheckForMaintenanceMode.php(46): Illuminate\Routing\Pipeline->Illuminate\Routing\{closure}(Object(Illuminate\Http\Request))
#29 D:\home\site\wwwroot\vendor\laravel\framework\src\Illuminate\Pipeline\Pipeline.php(148): Illuminate\Foundation\Http\Middleware\CheckForMaintenanceMode->handle(Object(Illuminate\Http\Request), Object(Closure))
#30 D:\home\site\wwwroot\vendor\laravel\framework\src\Illuminate\Routing\Pipeline.php(53): Illuminate\Pipeline\Pipeline->Illuminate\Pipeline\{closure}(Object(Illuminate\Http\Request))
#31 D:\home\site\wwwroot\vendor\laravel\framework\src\Illuminate\Pipeline\Pipeline.php(102): Illuminate\Routing\Pipeline->Illuminate\Routing\{closure}(Object(Illuminate\Http\Request))
#32 D:\home\site\wwwroot\vendor\laravel\framework\src\Illuminate\Foundation\Http\Kernel.php(149): Illuminate\Pipeline\Pipeline->then(Object(Closure))
#33 D:\home\site\wwwroot\vendor\laravel\framework\src\Illuminate\Foundation\Http\Kernel.php(116): Illuminate\Foundation\Http\Kernel->sendRequestThroughRouter(Object(Illuminate\Http\Request))
#34 D:\home\site\wwwroot\public\index.php(53): Illuminate\Foundation\Http\Kernel->handle(Object(Illuminate\Http\Request))
#35 {main}  
[2019-07-22 06:53:16] production.ERROR: RuntimeException: The only supported ciphers are AES-128-CBC and AES-256-CBC with the correct key lengths. in D:\home\site\wwwroot\vendor\laravel\framework\src\Illuminate\Encryption\Encrypter.php:43
Stack trace:
#0 D:\home\site\wwwroot\vendor\laravel\framework\src\Illuminate\Encryption\EncryptionServiceProvider.php(27): Illuminate\Encryption\Encrypter->__construct('', 'AES-256-CBC')
#1 D:\home\site\wwwroot\vendor\laravel\framework\src\Illuminate\Container\Container.php(716): Illuminate\Encryption\EncryptionServiceProvider->Illuminate\Encryption\{closure}(Object(Illuminate\Foundation\Application), Array)
#2 D:\home\site\wwwroot\vendor\laravel\framework\src\Illuminate\Container\Container.php(598): Illuminate\Container\Container->build(Object(Closure))
#3 D:\home\site\wwwroot\vendor\laravel\framework\src\Illuminate\Container\Container.php(567): Illuminate\Container\Container->resolve('encrypter')
#4 D:\home\site\wwwroot\vendor\laravel\framework\src\Illuminate\Foundation\Application.php(708): Illuminate\Container\Container->make('encrypter')
#5 D:\home\site\wwwroot\vendor\laravel\framework\src\Illuminate\Container\Container.php(840): Illuminate\Foundation\Application->make('encrypter')
#6 D:\home\site\wwwroot\vendor\laravel\framework\src\Illuminate\Container\Container.php(780): Illuminate\Container\Container->resolveClass(Object(ReflectionParameter))
#7 D:\home\site\wwwroot\vendor\laravel\framework\src\Illuminate\Container\Container.php(747): Illuminate\Container\Container->resolveDependencies(Array)
#8 D:\home\site\wwwroot\vendor\laravel\framework\src\Illuminate\Container\Container.php(598): Illuminate\Container\Container->build('App\\Http\\Middle...')
#9 D:\home\site\wwwroot\vendor\laravel\framework\src\Illuminate\Container\Container.php(567): Illuminate\Container\Container->resolve('App\\Http\\Middle...')
#10 D:\home\site\wwwroot\vendor\laravel\framework\src\Illuminate\Foundation\Application.php(708): Illuminate\Container\Container->make('App\\Http\\Middle...')
#11 D:\home\site\wwwroot\vendor\laravel\framework\src\Illuminate\Foundation\Http\Kernel.php(213): Illuminate\Foundation\Application->make('App\\Http\\Middle...')
#12 D:\home\site\wwwroot\vendor\laravel\framework\src\Illuminate\Foundation\Http\Kernel.php(187): Illuminate\Foundation\Http\Kernel->terminateMiddleware(Object(Illuminate\Http\Request), Object(Illuminate\Http\Response))
#13 D:\home\site\wwwroot\public\index.php(58): Illuminate\Foundation\Http\Kernel->terminate(Object(Illuminate\Http\Request), Object(Illuminate\Http\Response))
#14 {main}  
[2019-07-22 06:55:25] production.ERROR: RuntimeException: The only supported ciphers are AES-128-CBC and AES-256-CBC with the correct key lengths. in D:\home\site\wwwroot\vendor\laravel\framework\src\Illuminate\Encryption\Encrypter.php:43
Stack trace:
#0 D:\home\site\wwwroot\vendor\laravel\framework\src\Illuminate\Encryption\EncryptionServiceProvider.php(27): Illuminate\Encryption\Encrypter->__construct('', 'AES-256-CBC')
#1 D:\home\site\wwwroot\vendor\laravel\framework\src\Illuminate\Container\Container.php(716): Illuminate\Encryption\EncryptionServiceProvider->Illuminate\Encryption\{closure}(Object(Illuminate\Foundation\Application), Array)
#2 D:\home\site\wwwroot\vendor\laravel\framework\src\Illuminate\Container\Container.php(598): Illuminate\Container\Container->build(Object(Closure))
#3 D:\home\site\wwwroot\vendor\laravel\framework\src\Illuminate\Container\Container.php(567): Illuminate\Container\Container->resolve('encrypter')
#4 D:\home\site\wwwroot\vendor\laravel\framework\src\Illuminate\Foundation\Application.php(708): Illuminate\Container\Container->make('encrypter')
#5 D:\home\site\wwwroot\vendor\laravel\framework\src\Illuminate\Container\Container.php(840): Illuminate\Foundation\Application->make('encrypter')
#6 D:\home\site\wwwroot\vendor\laravel\framework\src\Illuminate\Container\Container.php(780): Illuminate\Container\Container->resolveClass(Object(ReflectionParameter))
#7 D:\home\site\wwwroot\vendor\laravel\framework\src\Illuminate\Container\Container.php(747): Illuminate\Container\Container->resolveDependencies(Array)
#8 D:\home\site\wwwroot\vendor\laravel\framework\src\Illuminate\Container\Container.php(598): Illuminate\Container\Container->build('App\\Http\\Middle...')
#9 D:\home\site\wwwroot\vendor\laravel\framework\src\Illuminate\Container\Container.php(567): Illuminate\Container\Container->resolve('App\\Http\\Middle...')
#10 D:\home\site\wwwroot\vendor\laravel\framework\src\Illuminate\Foundation\Application.php(708): Illuminate\Container\Container->make('App\\Http\\Middle...')
#11 D:\home\site\wwwroot\vendor\laravel\framework\src\Illuminate\Pipeline\Pipeline.php(138): Illuminate\Foundation\Application->make('App\\Http\\Middle...')
#12 D:\home\site\wwwroot\vendor\laravel\framework\src\Illuminate\Routing\Pipeline.php(53): Illuminate\Pipeline\Pipeline->Illuminate\Pipeline\{closure}(Object(Illuminate\Http\Request))
#13 D:\home\site\wwwroot\vendor\laravel\framework\src\Illuminate\Pipeline\Pipeline.php(102): Illuminate\Routing\Pipeline->Illuminate\Routing\{closure}(Object(Illuminate\Http\Request))
#14 D:\home\site\wwwroot\vendor\laravel\framework\src\Illuminate\Routing\Router.php(561): Illuminate\Pipeline\Pipeline->then(Object(Closure))
#15 D:\home\site\wwwroot\vendor\laravel\framework\src\Illuminate\Routing\Router.php(520): Illuminate\Routing\Router->runRouteWithinStack(Object(Illuminate\Routing\Route), Object(Illuminate\Http\Request))
#16 D:\home\site\wwwroot\vendor\laravel\framework\src\Illuminate\Routing\Router.php(498): Illuminate\Routing\Router->dispatchToRoute(Object(Illuminate\Http\Request))
#17 D:\home\site\wwwroot\vendor\laravel\framework\src\Illuminate\Foundation\Http\Kernel.php(174): Illuminate\Routing\Router->dispatch(Object(Illuminate\Http\Request))
#18 D:\home\site\wwwroot\vendor\laravel\framework\src\Illuminate\Routing\Pipeline.php(30): Illuminate\Foundation\Http\Kernel->Illuminate\Foundation\Http\{closure}(Object(Illuminate\Http\Request))
#19 D:\home\site\wwwroot\vendor\laravel\framework\src\Illuminate\Foundation\Http\Middleware\TransformsRequest.php(30): Illuminate\Routing\Pipeline->Illuminate\Routing\{closure}(Object(Illuminate\Http\Request))
#20 D:\home\site\wwwroot\vendor\laravel\framework\src\Illuminate\Pipeline\Pipeline.php(148): Illuminate\Foundation\Http\Middleware\TransformsRequest->handle(Object(Illuminate\Http\Request), Object(Closure))
#21 D:\home\site\wwwroot\vendor\laravel\framework\src\Illuminate\Routing\Pipeline.php(53): Illuminate\Pipeline\Pipeline->Illuminate\Pipeline\{closure}(Object(Illuminate\Http\Request))
#22 D:\home\site\wwwroot\vendor\laravel\framework\src\Illuminate\Foundation\Http\Middleware\TransformsRequest.php(30): Illuminate\Routing\Pipeline->Illuminate\Routing\{closure}(Object(Illuminate\Http\Request))
#23 D:\home\site\wwwroot\vendor\laravel\framework\src\Illuminate\Pipeline\Pipeline.php(148): Illuminate\Foundation\Http\Middleware\TransformsRequest->handle(Object(Illuminate\Http\Request), Object(Closure))
#24 D:\home\site\wwwroot\vendor\laravel\framework\src\Illuminate\Routing\Pipeline.php(53): Illuminate\Pipeline\Pipeline->Illuminate\Pipeline\{closure}(Object(Illuminate\Http\Request))
#25 D:\home\site\wwwroot\vendor\laravel\framework\src\Illuminate\Foundation\Http\Middleware\ValidatePostSize.php(27): Illuminate\Routing\Pipeline->Illuminate\Routing\{closure}(Object(Illuminate\Http\Request))
#26 D:\home\site\wwwroot\vendor\laravel\framework\src\Illuminate\Pipeline\Pipeline.php(148): Illuminate\Foundation\Http\Middleware\ValidatePostSize->handle(Object(Illuminate\Http\Request), Object(Closure))
#27 D:\home\site\wwwroot\vendor\laravel\framework\src\Illuminate\Routing\Pipeline.php(53): Illuminate\Pipeline\Pipeline->Illuminate\Pipeline\{closure}(Object(Illuminate\Http\Request))
#28 D:\home\site\wwwroot\vendor\laravel\framework\src\Illuminate\Foundation\Http\Middleware\CheckForMaintenanceMode.php(46): Illuminate\Routing\Pipeline->Illuminate\Routing\{closure}(Object(Illuminate\Http\Request))
#29 D:\home\site\wwwroot\vendor\laravel\framework\src\Illuminate\Pipeline\Pipeline.php(148): Illuminate\Foundation\Http\Middleware\CheckForMaintenanceMode->handle(Object(Illuminate\Http\Request), Object(Closure))
#30 D:\home\site\wwwroot\vendor\laravel\framework\src\Illuminate\Routing\Pipeline.php(53): Illuminate\Pipeline\Pipeline->Illuminate\Pipeline\{closure}(Object(Illuminate\Http\Request))
#31 D:\home\site\wwwroot\vendor\laravel\framework\src\Illuminate\Pipeline\Pipeline.php(102): Illuminate\Routing\Pipeline->Illuminate\Routing\{closure}(Object(Illuminate\Http\Request))
#32 D:\home\site\wwwroot\vendor\laravel\framework\src\Illuminate\Foundation\Http\Kernel.php(149): Illuminate\Pipeline\Pipeline->then(Object(Closure))
#33 D:\home\site\wwwroot\vendor\laravel\framework\src\Illuminate\Foundation\Http\Kernel.php(116): Illuminate\Foundation\Http\Kernel->sendRequestThroughRouter(Object(Illuminate\Http\Request))
#34 D:\home\site\wwwroot\public\index.php(53): Illuminate\Foundation\Http\Kernel->handle(Object(Illuminate\Http\Request))
#35 {main}  
[2019-07-22 06:55:25] production.ERROR: RuntimeException: The only supported ciphers are AES-128-CBC and AES-256-CBC with the correct key lengths. in D:\home\site\wwwroot\vendor\laravel\framework\src\Illuminate\Encryption\Encrypter.php:43
Stack trace:
#0 D:\home\site\wwwroot\vendor\laravel\framework\src\Illuminate\Encryption\EncryptionServiceProvider.php(27): Illuminate\Encryption\Encrypter->__construct('', 'AES-256-CBC')
#1 D:\home\site\wwwroot\vendor\laravel\framework\src\Illuminate\Container\Container.php(716): Illuminate\Encryption\EncryptionServiceProvider->Illuminate\Encryption\{closure}(Object(Illuminate\Foundation\Application), Array)
#2 D:\home\site\wwwroot\vendor\laravel\framework\src\Illuminate\Container\Container.php(598): Illuminate\Container\Container->build(Object(Closure))
#3 D:\home\site\wwwroot\vendor\laravel\framework\src\Illuminate\Container\Container.php(567): Illuminate\Container\Container->resolve('encrypter')
#4 D:\home\site\wwwroot\vendor\laravel\framework\src\Illuminate\Foundation\Application.php(708): Illuminate\Container\Container->make('encrypter')
#5 D:\home\site\wwwroot\vendor\laravel\framework\src\Illuminate\Container\Container.php(840): Illuminate\Foundation\Application->make('encrypter')
#6 D:\home\site\wwwroot\vendor\laravel\framework\src\Illuminate\Container\Container.php(780): Illuminate\Container\Container->resolveClass(Object(ReflectionParameter))
#7 D:\home\site\wwwroot\vendor\laravel\framework\src\Illuminate\Container\Container.php(747): Illuminate\Container\Container->resolveDependencies(Array)
#8 D:\home\site\wwwroot\vendor\laravel\framework\src\Illuminate\Container\Container.php(598): Illuminate\Container\Container->build('App\\Http\\Middle...')
#9 D:\home\site\wwwroot\vendor\laravel\framework\src\Illuminate\Container\Container.php(567): Illuminate\Container\Container->resolve('App\\Http\\Middle...')
#10 D:\home\site\wwwroot\vendor\laravel\framework\src\Illuminate\Foundation\Application.php(708): Illuminate\Container\Container->make('App\\Http\\Middle...')
#11 D:\home\site\wwwroot\vendor\laravel\framework\src\Illuminate\Foundation\Http\Kernel.php(213): Illuminate\Foundation\Application->make('App\\Http\\Middle...')
#12 D:\home\site\wwwroot\vendor\laravel\framework\src\Illuminate\Foundation\Http\Kernel.php(187): Illuminate\Foundation\Http\Kernel->terminateMiddleware(Object(Illuminate\Http\Request), Object(Illuminate\Http\Response))
#13 D:\home\site\wwwroot\public\index.php(58): Illuminate\Foundation\Http\Kernel->terminate(Object(Illuminate\Http\Request), Object(Illuminate\Http\Response))
#14 {main}  
